<?xml version="1.0" encoding="UTF-8"?>
<robot generator="Robot 7.3 (Python 3.11.5 on win32)" generated="2025-06-02T20:39:50.118151" rpa="false" schemaversion="5">
<suite id="s1" name="Teste Login" source="C:\Users\lucas\Documents\GitHub\teste\loginpage\tests\teste_login.robot">
<test id="s1-t1" name="Login Com Sucesso" line="14">
<kw name="Open Browser" owner="SeleniumLibrary">
<msg time="2025-06-02T20:39:50.763142" level="INFO">Opening browser 'chrome' to base url 'file:///C:/Users/lucas/Documents/GitHub/teste/loginpage/index.html'.</msg>
<arg>${LOGIN_PAGE}</arg>
<arg>${BROWSER}</arg>
<doc>Opens a new browser instance to the optional ``url``.</doc>
<status status="PASS" start="2025-06-02T20:39:50.762165" elapsed="2.642385"/>
</kw>
<kw name="Input Text" owner="SeleniumLibrary">
<msg time="2025-06-02T20:39:53.407575" level="INFO">Typing text 'admin' into text field 'id=username'.</msg>
<arg>id=username</arg>
<arg>${VALID_USER}</arg>
<doc>Types the given ``text`` into the text field identified by ``locator``.</doc>
<status status="PASS" start="2025-06-02T20:39:53.405569" elapsed="0.374417"/>
</kw>
<kw name="Input Text" owner="SeleniumLibrary">
<msg time="2025-06-02T20:39:53.781986" level="INFO">Typing text '123456' into text field 'id=password'.</msg>
<arg>id=password</arg>
<arg>${VALID_PASSWORD}</arg>
<doc>Types the given ``text`` into the text field identified by ``locator``.</doc>
<status status="PASS" start="2025-06-02T20:39:53.780985" elapsed="0.258119"/>
</kw>
<kw name="Click Button" owner="SeleniumLibrary">
<msg time="2025-06-02T20:39:54.041092" level="INFO">Clicking button 'xpath=//button'.</msg>
<arg>xpath=//button</arg>
<doc>Clicks the button identified by ``locator``.</doc>
<status status="PASS" start="2025-06-02T20:39:54.040082" elapsed="0.278090"/>
</kw>
<kw name="Sleep" owner="BuiltIn">
<msg time="2025-06-02T20:39:55.322627" level="INFO">Slept 1 second.</msg>
<arg>1s</arg>
<doc>Pauses the test executed for the given time.</doc>
<status status="PASS" start="2025-06-02T20:39:54.321184" elapsed="1.001443"/>
</kw>
<kw name="Location Should Contain" owner="SeleniumLibrary">
<msg time="2025-06-02T20:39:55.333123" level="INFO">Current location contains 'dashboard.html'.</msg>
<arg>dashboard.html</arg>
<doc>Verifies that the current URL contains ``expected``.</doc>
<status status="PASS" start="2025-06-02T20:39:55.322627" elapsed="0.010496"/>
</kw>
<kw name="Close Browser" owner="SeleniumLibrary">
<doc>Closes the current browser.</doc>
<status status="PASS" start="2025-06-02T20:39:55.333123" elapsed="2.251408"/>
</kw>
<status status="PASS" start="2025-06-02T20:39:50.759205" elapsed="6.825326"/>
</test>
<test id="s1-t2" name="Login Com Usuário Inválido" line="23">
<kw name="Open Browser" owner="SeleniumLibrary">
<msg time="2025-06-02T20:39:57.593339" level="INFO">Opening browser 'chrome' to base url 'file:///C:/Users/lucas/Documents/GitHub/teste/loginpage/index.html'.</msg>
<arg>${LOGIN_PAGE}</arg>
<arg>${BROWSER}</arg>
<doc>Opens a new browser instance to the optional ``url``.</doc>
<status status="PASS" start="2025-06-02T20:39:57.592287" elapsed="1.757855"/>
</kw>
<kw name="Input Text" owner="SeleniumLibrary">
<msg time="2025-06-02T20:39:59.353145" level="INFO">Typing text 'errado' into text field 'id=username'.</msg>
<arg>id=username</arg>
<arg>${INVALID_USER}</arg>
<doc>Types the given ``text`` into the text field identified by ``locator``.</doc>
<status status="PASS" start="2025-06-02T20:39:59.350142" elapsed="0.330872"/>
</kw>
<kw name="Input Text" owner="SeleniumLibrary">
<msg time="2025-06-02T20:39:59.684013" level="INFO">Typing text '123456' into text field 'id=password'.</msg>
<arg>id=password</arg>
<arg>${VALID_PASSWORD}</arg>
<doc>Types the given ``text`` into the text field identified by ``locator``.</doc>
<status status="PASS" start="2025-06-02T20:39:59.683030" elapsed="0.231669"/>
</kw>
<kw name="Click Button" owner="SeleniumLibrary">
<msg time="2025-06-02T20:39:59.915703" level="INFO">Clicking button 'xpath=//button'.</msg>
<arg>xpath=//button</arg>
<doc>Clicks the button identified by ``locator``.</doc>
<status status="PASS" start="2025-06-02T20:39:59.915703" elapsed="0.260660"/>
</kw>
<kw name="Sleep" owner="BuiltIn">
<msg time="2025-06-02T20:40:01.178845" level="INFO">Slept 1 second.</msg>
<arg>1s</arg>
<doc>Pauses the test executed for the given time.</doc>
<status status="PASS" start="2025-06-02T20:40:00.177377" elapsed="1.001468"/>
</kw>
<kw name="Element Text Should Be" owner="SeleniumLibrary">
<msg time="2025-06-02T20:40:01.180282" level="INFO">Verifying element 'id=error-message' contains exact text 'Usuário ou senha incorretos.'.</msg>
<arg>id=error-message</arg>
<arg>Usuário ou senha incorretos.</arg>
<doc>Verifies that element ``locator`` contains exact the text ``expected``.</doc>
<status status="PASS" start="2025-06-02T20:40:01.178845" elapsed="0.043909"/>
</kw>
<kw name="Close Browser" owner="SeleniumLibrary">
<doc>Closes the current browser.</doc>
<status status="PASS" start="2025-06-02T20:40:01.223791" elapsed="2.229832"/>
</kw>
<status status="PASS" start="2025-06-02T20:39:57.591301" elapsed="5.864342"/>
</test>
<test id="s1-t3" name="Login Com Senha Inválida" line="32">
<kw name="Open Browser" owner="SeleniumLibrary">
<msg time="2025-06-02T20:40:03.457626" level="INFO">Opening browser 'chrome' to base url 'file:///C:/Users/lucas/Documents/GitHub/teste/loginpage/index.html'.</msg>
<arg>${LOGIN_PAGE}</arg>
<arg>${BROWSER}</arg>
<doc>Opens a new browser instance to the optional ``url``.</doc>
<status status="PASS" start="2025-06-02T20:40:03.456622" elapsed="2.287492"/>
</kw>
<kw name="Input Text" owner="SeleniumLibrary">
<msg time="2025-06-02T20:40:05.748139" level="INFO">Typing text 'admin' into text field 'id=username'.</msg>
<arg>id=username</arg>
<arg>${VALID_USER}</arg>
<doc>Types the given ``text`` into the text field identified by ``locator``.</doc>
<status status="PASS" start="2025-06-02T20:40:05.746147" elapsed="0.402835"/>
</kw>
<kw name="Input Text" owner="SeleniumLibrary">
<msg time="2025-06-02T20:40:06.152996" level="INFO">Typing text '000000' into text field 'id=password'.</msg>
<arg>id=password</arg>
<arg>${INVALID_PASSWORD}</arg>
<doc>Types the given ``text`` into the text field identified by ``locator``.</doc>
<status status="PASS" start="2025-06-02T20:40:06.149985" elapsed="0.292167"/>
</kw>
<kw name="Click Button" owner="SeleniumLibrary">
<msg time="2025-06-02T20:40:06.446579" level="INFO">Clicking button 'xpath=//button'.</msg>
<arg>xpath=//button</arg>
<doc>Clicks the button identified by ``locator``.</doc>
<status status="PASS" start="2025-06-02T20:40:06.444603" elapsed="0.211491"/>
</kw>
<kw name="Sleep" owner="BuiltIn">
<msg time="2025-06-02T20:40:07.658688" level="INFO">Slept 1 second.</msg>
<arg>1s</arg>
<doc>Pauses the test executed for the given time.</doc>
<status status="PASS" start="2025-06-02T20:40:06.657092" elapsed="1.001596"/>
</kw>
<kw name="Element Text Should Be" owner="SeleniumLibrary">
<msg time="2025-06-02T20:40:07.661705" level="INFO">Verifying element 'id=error-message' contains exact text 'Usuário ou senha incorretos.'.</msg>
<arg>id=error-message</arg>
<arg>Usuário ou senha incorretos.</arg>
<doc>Verifies that element ``locator`` contains exact the text ``expected``.</doc>
<status status="PASS" start="2025-06-02T20:40:07.660804" elapsed="0.040454"/>
</kw>
<kw name="Close Browser" owner="SeleniumLibrary">
<doc>Closes the current browser.</doc>
<status status="PASS" start="2025-06-02T20:40:07.702260" elapsed="2.196764"/>
</kw>
<status status="PASS" start="2025-06-02T20:40:03.456622" elapsed="6.443274"/>
</test>
<status status="PASS" start="2025-06-02T20:39:50.122154" elapsed="19.779738"/>
</suite>
<statistics>
<total>
<stat pass="3" fail="0" skip="0">All Tests</stat>
</total>
<tag>
</tag>
<suite>
<stat name="Teste Login" id="s1" pass="3" fail="0" skip="0">Teste Login</stat>
</suite>
</statistics>
<errors>
</errors>
</robot>
